<?xml version="1.0" encoding="UTF-8"?>
<testsuite xmlns:xsi="http://www.w3.org/2001/XMLSchema-instance" xsi:noNamespaceSchemaLocation="https://maven.apache.org/surefire/maven-surefire-plugin/xsd/surefire-test-report.xsd" name="com.example.tempwordsoap.controller.TemperatureConversionControllerTest" time="0.397" tests="1" errors="0" skipped="0" failures="0">
  <properties>
    <property name="gopherProxySet" value="false"/>
    <property name="awt.toolkit" value="sun.lwawt.macosx.LWCToolkit"/>
    <property name="file.encoding.pkg" value="sun.io"/>
    <property name="java.specification.version" value="1.8"/>
    <property name="sun.cpu.isalist" value=""/>
    <property name="sun.jnu.encoding" value="UTF-8"/>
    <property name="java.class.path" value="/Users/rajusunagar/Documents/Projects/Soap-Consumer-Web-Services/target/test-classes:/Users/rajusunagar/Documents/Projects/Soap-Consumer-Web-Services/target/classes:/Users/rajusunagar/.m2/repository/org/springframework/boot/spring-boot-starter-web/2.7.11/spring-boot-starter-web-2.7.11.jar:/Users/rajusunagar/.m2/repository/org/springframework/boot/spring-boot-starter/2.7.11/spring-boot-starter-2.7.11.jar:/Users/rajusunagar/.m2/repository/org/springframework/boot/spring-boot-starter-logging/2.7.11/spring-boot-starter-logging-2.7.11.jar:/Users/rajusunagar/.m2/repository/ch/qos/logback/logback-classic/1.2.12/logback-classic-1.2.12.jar:/Users/rajusunagar/.m2/repository/ch/qos/logback/logback-core/1.2.12/logback-core-1.2.12.jar:/Users/rajusunagar/.m2/repository/org/apache/logging/log4j/log4j-to-slf4j/2.17.2/log4j-to-slf4j-2.17.2.jar:/Users/rajusunagar/.m2/repository/org/apache/logging/log4j/log4j-api/2.17.2/log4j-api-2.17.2.jar:/Users/rajusunagar/.m2/repository/org/slf4j/jul-to-slf4j/1.7.36/jul-to-slf4j-1.7.36.jar:/Users/rajusunagar/.m2/repository/org/yaml/snakeyaml/1.30/snakeyaml-1.30.jar:/Users/rajusunagar/.m2/repository/org/springframework/boot/spring-boot-starter-json/2.7.11/spring-boot-starter-json-2.7.11.jar:/Users/rajusunagar/.m2/repository/com/fasterxml/jackson/core/jackson-databind/2.13.5/jackson-databind-2.13.5.jar:/Users/rajusunagar/.m2/repository/com/fasterxml/jackson/core/jackson-annotations/2.13.5/jackson-annotations-2.13.5.jar:/Users/rajusunagar/.m2/repository/com/fasterxml/jackson/core/jackson-core/2.13.5/jackson-core-2.13.5.jar:/Users/rajusunagar/.m2/repository/com/fasterxml/jackson/datatype/jackson-datatype-jdk8/2.13.5/jackson-datatype-jdk8-2.13.5.jar:/Users/rajusunagar/.m2/repository/com/fasterxml/jackson/datatype/jackson-datatype-jsr310/2.13.5/jackson-datatype-jsr310-2.13.5.jar:/Users/rajusunagar/.m2/repository/com/fasterxml/jackson/module/jackson-module-parameter-names/2.13.5/jackson-module-parameter-names-2.13.5.jar:/Users/rajusunagar/.m2/repository/org/springframework/boot/spring-boot-starter-tomcat/2.7.11/spring-boot-starter-tomcat-2.7.11.jar:/Users/rajusunagar/.m2/repository/org/apache/tomcat/embed/tomcat-embed-core/9.0.74/tomcat-embed-core-9.0.74.jar:/Users/rajusunagar/.m2/repository/org/apache/tomcat/embed/tomcat-embed-el/9.0.74/tomcat-embed-el-9.0.74.jar:/Users/rajusunagar/.m2/repository/org/apache/tomcat/embed/tomcat-embed-websocket/9.0.74/tomcat-embed-websocket-9.0.74.jar:/Users/rajusunagar/.m2/repository/org/springframework/spring-web/5.3.27/spring-web-5.3.27.jar:/Users/rajusunagar/.m2/repository/org/springframework/spring-beans/5.3.27/spring-beans-5.3.27.jar:/Users/rajusunagar/.m2/repository/org/springframework/spring-webmvc/5.3.27/spring-webmvc-5.3.27.jar:/Users/rajusunagar/.m2/repository/org/springframework/spring-aop/5.3.27/spring-aop-5.3.27.jar:/Users/rajusunagar/.m2/repository/org/springframework/spring-context/5.3.27/spring-context-5.3.27.jar:/Users/rajusunagar/.m2/repository/org/springframework/spring-expression/5.3.27/spring-expression-5.3.27.jar:/Users/rajusunagar/.m2/repository/org/springframework/boot/spring-boot-starter-web-services/2.7.11/spring-boot-starter-web-services-2.7.11.jar:/Users/rajusunagar/.m2/repository/com/sun/xml/messaging/saaj/saaj-impl/1.5.3/saaj-impl-1.5.3.jar:/Users/rajusunagar/.m2/repository/org/jvnet/staxex/stax-ex/1.8.3/stax-ex-1.8.3.jar:/Users/rajusunagar/.m2/repository/com/sun/activation/jakarta.activation/1.2.2/jakarta.activation-1.2.2.jar:/Users/rajusunagar/.m2/repository/jakarta/xml/ws/jakarta.xml.ws-api/2.3.3/jakarta.xml.ws-api-2.3.3.jar:/Users/rajusunagar/.m2/repository/org/springframework/spring-oxm/5.3.27/spring-oxm-5.3.27.jar:/Users/rajusunagar/.m2/repository/org/springframework/ws/spring-ws-core/3.1.6/spring-ws-core-3.1.6.jar:/Users/rajusunagar/.m2/repository/org/springframework/ws/spring-xml/3.1.6/spring-xml-3.1.6.jar:/Users/rajusunagar/.m2/repository/org/springframework/boot/spring-boot-devtools/2.7.11/spring-boot-devtools-2.7.11.jar:/Users/rajusunagar/.m2/repository/org/springframework/boot/spring-boot/2.7.11/spring-boot-2.7.11.jar:/Users/rajusunagar/.m2/repository/org/springframework/boot/spring-boot-autoconfigure/2.7.11/spring-boot-autoconfigure-2.7.11.jar:/Users/rajusunagar/.m2/repository/org/springframework/boot/spring-boot-starter-test/2.7.11/spring-boot-starter-test-2.7.11.jar:/Users/rajusunagar/.m2/repository/org/springframework/boot/spring-boot-test/2.7.11/spring-boot-test-2.7.11.jar:/Users/rajusunagar/.m2/repository/org/springframework/boot/spring-boot-test-autoconfigure/2.7.11/spring-boot-test-autoconfigure-2.7.11.jar:/Users/rajusunagar/.m2/repository/com/jayway/jsonpath/json-path/2.7.0/json-path-2.7.0.jar:/Users/rajusunagar/.m2/repository/net/minidev/json-smart/2.4.10/json-smart-2.4.10.jar:/Users/rajusunagar/.m2/repository/net/minidev/accessors-smart/2.4.9/accessors-smart-2.4.9.jar:/Users/rajusunagar/.m2/repository/org/slf4j/slf4j-api/1.7.36/slf4j-api-1.7.36.jar:/Users/rajusunagar/.m2/repository/jakarta/xml/bind/jakarta.xml.bind-api/2.3.3/jakarta.xml.bind-api-2.3.3.jar:/Users/rajusunagar/.m2/repository/jakarta/activation/jakarta.activation-api/1.2.2/jakarta.activation-api-1.2.2.jar:/Users/rajusunagar/.m2/repository/org/assertj/assertj-core/3.22.0/assertj-core-3.22.0.jar:/Users/rajusunagar/.m2/repository/org/hamcrest/hamcrest/2.2/hamcrest-2.2.jar:/Users/rajusunagar/.m2/repository/org/junit/jupiter/junit-jupiter/5.8.2/junit-jupiter-5.8.2.jar:/Users/rajusunagar/.m2/repository/org/junit/jupiter/junit-jupiter-api/5.8.2/junit-jupiter-api-5.8.2.jar:/Users/rajusunagar/.m2/repository/org/opentest4j/opentest4j/1.2.0/opentest4j-1.2.0.jar:/Users/rajusunagar/.m2/repository/org/junit/platform/junit-platform-commons/1.8.2/junit-platform-commons-1.8.2.jar:/Users/rajusunagar/.m2/repository/org/apiguardian/apiguardian-api/1.1.2/apiguardian-api-1.1.2.jar:/Users/rajusunagar/.m2/repository/org/junit/jupiter/junit-jupiter-params/5.8.2/junit-jupiter-params-5.8.2.jar:/Users/rajusunagar/.m2/repository/org/junit/jupiter/junit-jupiter-engine/5.8.2/junit-jupiter-engine-5.8.2.jar:/Users/rajusunagar/.m2/repository/org/junit/platform/junit-platform-engine/1.8.2/junit-platform-engine-1.8.2.jar:/Users/rajusunagar/.m2/repository/org/mockito/mockito-core/4.5.1/mockito-core-4.5.1.jar:/Users/rajusunagar/.m2/repository/net/bytebuddy/byte-buddy/1.12.23/byte-buddy-1.12.23.jar:/Users/rajusunagar/.m2/repository/net/bytebuddy/byte-buddy-agent/1.12.23/byte-buddy-agent-1.12.23.jar:/Users/rajusunagar/.m2/repository/org/objenesis/objenesis/3.2/objenesis-3.2.jar:/Users/rajusunagar/.m2/repository/org/mockito/mockito-junit-jupiter/4.5.1/mockito-junit-jupiter-4.5.1.jar:/Users/rajusunagar/.m2/repository/org/skyscreamer/jsonassert/1.5.1/jsonassert-1.5.1.jar:/Users/rajusunagar/.m2/repository/com/vaadin/external/google/android-json/0.0.20131108.vaadin1/android-json-0.0.20131108.vaadin1.jar:/Users/rajusunagar/.m2/repository/org/springframework/spring-core/5.3.27/spring-core-5.3.27.jar:/Users/rajusunagar/.m2/repository/org/springframework/spring-jcl/5.3.27/spring-jcl-5.3.27.jar:/Users/rajusunagar/.m2/repository/org/springframework/spring-test/5.3.27/spring-test-5.3.27.jar:/Users/rajusunagar/.m2/repository/org/xmlunit/xmlunit-core/2.9.1/xmlunit-core-2.9.1.jar:/Users/rajusunagar/.m2/repository/org/apache/cxf/cxf-codegen-plugin/3.4.5/cxf-codegen-plugin-3.4.5.jar:/Users/rajusunagar/.m2/repository/org/codehaus/plexus/plexus-utils/3.2.0/plexus-utils-3.2.0.jar:/Users/rajusunagar/.m2/repository/org/codehaus/plexus/plexus-archiver/4.2.0/plexus-archiver-4.2.0.jar:/Users/rajusunagar/.m2/repository/org/codehaus/plexus/plexus-io/3.2.0/plexus-io-3.2.0.jar:/Users/rajusunagar/.m2/repository/commons-io/commons-io/2.6/commons-io-2.6.jar:/Users/rajusunagar/.m2/repository/org/apache/commons/commons-compress/1.19/commons-compress-1.19.jar:/Users/rajusunagar/.m2/repository/org/iq80/snappy/snappy/0.4/snappy-0.4.jar:/Users/rajusunagar/.m2/repository/org/tukaani/xz/1.8/xz-1.8.jar:/Users/rajusunagar/.m2/repository/org/apache/cxf/cxf-core/3.4.5/cxf-core-3.4.5.jar:/Users/rajusunagar/.m2/repository/org/glassfish/jaxb/jaxb-runtime/2.3.8/jaxb-runtime-2.3.8.jar:/Users/rajusunagar/.m2/repository/org/glassfish/jaxb/txw2/2.3.8/txw2-2.3.8.jar:/Users/rajusunagar/.m2/repository/com/sun/istack/istack-commons-runtime/3.0.12/istack-commons-runtime-3.0.12.jar:/Users/rajusunagar/.m2/repository/com/fasterxml/woodstox/woodstox-core/6.2.6/woodstox-core-6.2.6.jar:/Users/rajusunagar/.m2/repository/org/apache/ws/xmlschema/xmlschema-core/2.2.5/xmlschema-core-2.2.5.jar:/Users/rajusunagar/.m2/repository/org/apache/cxf/cxf-tools-common/3.4.5/cxf-tools-common-3.4.5.jar:/Users/rajusunagar/.m2/repository/org/apache/velocity/velocity-engine-core/2.3/velocity-engine-core-2.3.jar:/Users/rajusunagar/.m2/repository/org/apache/commons/commons-lang3/3.12.0/commons-lang3-3.12.0.jar:/Users/rajusunagar/.m2/repository/commons-collections/commons-collections/3.2.2/commons-collections-3.2.2.jar:/Users/rajusunagar/.m2/repository/org/glassfish/jaxb/jaxb-xjc/2.3.8/jaxb-xjc-2.3.8.jar:/Users/rajusunagar/.m2/repository/org/glassfish/jaxb/xsom/2.3.8/xsom-2.3.8.jar:/Users/rajusunagar/.m2/repository/com/sun/xml/bind/external/relaxng-datatype/2.3.8/relaxng-datatype-2.3.8.jar:/Users/rajusunagar/.m2/repository/org/glassfish/jaxb/codemodel/2.3.8/codemodel-2.3.8.jar:/Users/rajusunagar/.m2/repository/com/sun/xml/bind/external/rngom/2.3.8/rngom-2.3.8.jar:/Users/rajusunagar/.m2/repository/com/sun/xml/dtd-parser/dtd-parser/1.4.5/dtd-parser-1.4.5.jar:/Users/rajusunagar/.m2/repository/com/sun/istack/istack-commons-tools/3.0.12/istack-commons-tools-3.0.12.jar:/Users/rajusunagar/.m2/repository/org/apache/cxf/cxf-tools-wsdlto-core/3.4.5/cxf-tools-wsdlto-core-3.4.5.jar:/Users/rajusunagar/.m2/repository/org/apache/cxf/cxf-tools-validator/3.4.5/cxf-tools-validator-3.4.5.jar:/Users/rajusunagar/.m2/repository/org/apache/cxf/cxf-rt-bindings-soap/3.4.5/cxf-rt-bindings-soap-3.4.5.jar:/Users/rajusunagar/.m2/repository/org/apache/cxf/cxf-rt-databinding-jaxb/3.4.5/cxf-rt-databinding-jaxb-3.4.5.jar:/Users/rajusunagar/.m2/repository/org/apache/cxf/cxf-rt-wsdl/3.4.5/cxf-rt-wsdl-3.4.5.jar:/Users/rajusunagar/.m2/repository/org/ow2/asm/asm/9.2/asm-9.2.jar:/Users/rajusunagar/.m2/repository/org/apache/cxf/cxf-tools-wsdlto-databinding-jaxb/3.4.5/cxf-tools-wsdlto-databinding-jaxb-3.4.5.jar:/Users/rajusunagar/.m2/repository/org/apache/cxf/cxf-tools-wsdlto-frontend-jaxws/3.4.5/cxf-tools-wsdlto-frontend-jaxws-3.4.5.jar:/Users/rajusunagar/.m2/repository/xml-resolver/xml-resolver/1.2/xml-resolver-1.2.jar:/Users/rajusunagar/.m2/repository/org/apache/commons/commons-text/1.9/commons-text-1.9.jar:/Users/rajusunagar/.m2/repository/org/apache/cxf/cxf-tools-wsdlto-frontend-javascript/3.4.5/cxf-tools-wsdlto-frontend-javascript-3.4.5.jar:/Users/rajusunagar/.m2/repository/org/apache/cxf/cxf-rt-javascript/3.4.5/cxf-rt-javascript-3.4.5.jar:/Users/rajusunagar/.m2/repository/wsdl4j/wsdl4j/1.6.3/wsdl4j-1.6.3.jar:/Users/rajusunagar/.m2/repository/com/sun/xml/ws/jaxws-tools/2.3.4/jaxws-tools-2.3.4.jar:/Users/rajusunagar/.m2/repository/com/sun/xml/ws/jaxws-rt/2.3.4/jaxws-rt-2.3.4.jar:/Users/rajusunagar/.m2/repository/com/sun/xml/ws/policy/2.7.10/policy-2.7.10.jar:/Users/rajusunagar/.m2/repository/com/sun/xml/bind/jaxb-impl/2.3.4/jaxb-impl-2.3.4.jar:/Users/rajusunagar/.m2/repository/org/glassfish/ha/ha-api/3.1.13/ha-api-3.1.13.jar:/Users/rajusunagar/.m2/repository/org/glassfish/external/management-api/3.2.3/management-api-3.2.3.jar:/Users/rajusunagar/.m2/repository/org/glassfish/gmbal/gmbal-api-only/4.0.3/gmbal-api-only-4.0.3.jar:/Users/rajusunagar/.m2/repository/com/sun/xml/stream/buffer/streambuffer/1.5.10/streambuffer-1.5.10.jar:/Users/rajusunagar/.m2/repository/org/jvnet/mimepull/mimepull/1.9.14/mimepull-1.9.14.jar:/Users/rajusunagar/.m2/repository/com/sun/xml/fastinfoset/FastInfoset/1.2.18/FastInfoset-1.2.18.jar:/Users/rajusunagar/.m2/repository/com/sun/mail/jakarta.mail/1.6.7/jakarta.mail-1.6.7.jar:/Users/rajusunagar/.m2/repository/org/codehaus/woodstox/stax2-api/4.2.1/stax2-api-4.2.1.jar:/Users/rajusunagar/.m2/repository/com/sun/xml/bind/jaxb-xjc/2.3.4/jaxb-xjc-2.3.4.jar:/Users/rajusunagar/.m2/repository/com/sun/xml/bind/jaxb-jxc/2.3.4/jaxb-jxc-2.3.4.jar:/Users/rajusunagar/.m2/repository/jakarta/xml/soap/jakarta.xml.soap-api/1.4.2/jakarta.xml.soap-api-1.4.2.jar:/Users/rajusunagar/.m2/repository/jakarta/jws/jakarta.jws-api/2.1.0/jakarta.jws-api-2.1.0.jar:/Users/rajusunagar/.m2/repository/jakarta/annotation/jakarta.annotation-api/1.3.5/jakarta.annotation-api-1.3.5.jar:/Users/rajusunagar/.m2/repository/org/projectlombok/lombok/1.18.26/lombok-1.18.26.jar:"/>
    <property name="java.vm.vendor" value="Amazon.com Inc."/>
    <property name="sun.arch.data.model" value="64"/>
    <property name="java.vendor.url" value="https://aws.amazon.com/corretto/"/>
    <property name="user.timezone" value=""/>
    <property name="java.vm.specification.version" value="1.8"/>
    <property name="os.name" value="Mac OS X"/>
    <property name="user.country" value="IN"/>
    <property name="sun.java.launcher" value="SUN_STANDARD"/>
    <property name="sun.boot.library.path" value="/Users/rajusunagar/Library/Java/JavaVirtualMachines/corretto-1.8.0_452/Contents/Home/jre/lib"/>
    <property name="sun.java.command" value="/Users/rajusunagar/Documents/Projects/Soap-Consumer-Web-Services/target/surefire/surefirebooter5422557608922772942.jar /Users/rajusunagar/Documents/Projects/Soap-Consumer-Web-Services/target/surefire 2025-05-26T15-09-55_985-jvmRun1 surefire3978582855288846287tmp surefire_01421826758859562115tmp"/>
    <property name="http.nonProxyHosts" value="local|*.local|169.254/16|*.169.254/16"/>
    <property name="surefire.test.class.path" value="/Users/rajusunagar/Documents/Projects/Soap-Consumer-Web-Services/target/test-classes:/Users/rajusunagar/Documents/Projects/Soap-Consumer-Web-Services/target/classes:/Users/rajusunagar/.m2/repository/org/springframework/boot/spring-boot-starter-web/2.7.11/spring-boot-starter-web-2.7.11.jar:/Users/rajusunagar/.m2/repository/org/springframework/boot/spring-boot-starter/2.7.11/spring-boot-starter-2.7.11.jar:/Users/rajusunagar/.m2/repository/org/springframework/boot/spring-boot-starter-logging/2.7.11/spring-boot-starter-logging-2.7.11.jar:/Users/rajusunagar/.m2/repository/ch/qos/logback/logback-classic/1.2.12/logback-classic-1.2.12.jar:/Users/rajusunagar/.m2/repository/ch/qos/logback/logback-core/1.2.12/logback-core-1.2.12.jar:/Users/rajusunagar/.m2/repository/org/apache/logging/log4j/log4j-to-slf4j/2.17.2/log4j-to-slf4j-2.17.2.jar:/Users/rajusunagar/.m2/repository/org/apache/logging/log4j/log4j-api/2.17.2/log4j-api-2.17.2.jar:/Users/rajusunagar/.m2/repository/org/slf4j/jul-to-slf4j/1.7.36/jul-to-slf4j-1.7.36.jar:/Users/rajusunagar/.m2/repository/org/yaml/snakeyaml/1.30/snakeyaml-1.30.jar:/Users/rajusunagar/.m2/repository/org/springframework/boot/spring-boot-starter-json/2.7.11/spring-boot-starter-json-2.7.11.jar:/Users/rajusunagar/.m2/repository/com/fasterxml/jackson/core/jackson-databind/2.13.5/jackson-databind-2.13.5.jar:/Users/rajusunagar/.m2/repository/com/fasterxml/jackson/core/jackson-annotations/2.13.5/jackson-annotations-2.13.5.jar:/Users/rajusunagar/.m2/repository/com/fasterxml/jackson/core/jackson-core/2.13.5/jackson-core-2.13.5.jar:/Users/rajusunagar/.m2/repository/com/fasterxml/jackson/datatype/jackson-datatype-jdk8/2.13.5/jackson-datatype-jdk8-2.13.5.jar:/Users/rajusunagar/.m2/repository/com/fasterxml/jackson/datatype/jackson-datatype-jsr310/2.13.5/jackson-datatype-jsr310-2.13.5.jar:/Users/rajusunagar/.m2/repository/com/fasterxml/jackson/module/jackson-module-parameter-names/2.13.5/jackson-module-parameter-names-2.13.5.jar:/Users/rajusunagar/.m2/repository/org/springframework/boot/spring-boot-starter-tomcat/2.7.11/spring-boot-starter-tomcat-2.7.11.jar:/Users/rajusunagar/.m2/repository/org/apache/tomcat/embed/tomcat-embed-core/9.0.74/tomcat-embed-core-9.0.74.jar:/Users/rajusunagar/.m2/repository/org/apache/tomcat/embed/tomcat-embed-el/9.0.74/tomcat-embed-el-9.0.74.jar:/Users/rajusunagar/.m2/repository/org/apache/tomcat/embed/tomcat-embed-websocket/9.0.74/tomcat-embed-websocket-9.0.74.jar:/Users/rajusunagar/.m2/repository/org/springframework/spring-web/5.3.27/spring-web-5.3.27.jar:/Users/rajusunagar/.m2/repository/org/springframework/spring-beans/5.3.27/spring-beans-5.3.27.jar:/Users/rajusunagar/.m2/repository/org/springframework/spring-webmvc/5.3.27/spring-webmvc-5.3.27.jar:/Users/rajusunagar/.m2/repository/org/springframework/spring-aop/5.3.27/spring-aop-5.3.27.jar:/Users/rajusunagar/.m2/repository/org/springframework/spring-context/5.3.27/spring-context-5.3.27.jar:/Users/rajusunagar/.m2/repository/org/springframework/spring-expression/5.3.27/spring-expression-5.3.27.jar:/Users/rajusunagar/.m2/repository/org/springframework/boot/spring-boot-starter-web-services/2.7.11/spring-boot-starter-web-services-2.7.11.jar:/Users/rajusunagar/.m2/repository/com/sun/xml/messaging/saaj/saaj-impl/1.5.3/saaj-impl-1.5.3.jar:/Users/rajusunagar/.m2/repository/org/jvnet/staxex/stax-ex/1.8.3/stax-ex-1.8.3.jar:/Users/rajusunagar/.m2/repository/com/sun/activation/jakarta.activation/1.2.2/jakarta.activation-1.2.2.jar:/Users/rajusunagar/.m2/repository/jakarta/xml/ws/jakarta.xml.ws-api/2.3.3/jakarta.xml.ws-api-2.3.3.jar:/Users/rajusunagar/.m2/repository/org/springframework/spring-oxm/5.3.27/spring-oxm-5.3.27.jar:/Users/rajusunagar/.m2/repository/org/springframework/ws/spring-ws-core/3.1.6/spring-ws-core-3.1.6.jar:/Users/rajusunagar/.m2/repository/org/springframework/ws/spring-xml/3.1.6/spring-xml-3.1.6.jar:/Users/rajusunagar/.m2/repository/org/springframework/boot/spring-boot-devtools/2.7.11/spring-boot-devtools-2.7.11.jar:/Users/rajusunagar/.m2/repository/org/springframework/boot/spring-boot/2.7.11/spring-boot-2.7.11.jar:/Users/rajusunagar/.m2/repository/org/springframework/boot/spring-boot-autoconfigure/2.7.11/spring-boot-autoconfigure-2.7.11.jar:/Users/rajusunagar/.m2/repository/org/springframework/boot/spring-boot-starter-test/2.7.11/spring-boot-starter-test-2.7.11.jar:/Users/rajusunagar/.m2/repository/org/springframework/boot/spring-boot-test/2.7.11/spring-boot-test-2.7.11.jar:/Users/rajusunagar/.m2/repository/org/springframework/boot/spring-boot-test-autoconfigure/2.7.11/spring-boot-test-autoconfigure-2.7.11.jar:/Users/rajusunagar/.m2/repository/com/jayway/jsonpath/json-path/2.7.0/json-path-2.7.0.jar:/Users/rajusunagar/.m2/repository/net/minidev/json-smart/2.4.10/json-smart-2.4.10.jar:/Users/rajusunagar/.m2/repository/net/minidev/accessors-smart/2.4.9/accessors-smart-2.4.9.jar:/Users/rajusunagar/.m2/repository/org/slf4j/slf4j-api/1.7.36/slf4j-api-1.7.36.jar:/Users/rajusunagar/.m2/repository/jakarta/xml/bind/jakarta.xml.bind-api/2.3.3/jakarta.xml.bind-api-2.3.3.jar:/Users/rajusunagar/.m2/repository/jakarta/activation/jakarta.activation-api/1.2.2/jakarta.activation-api-1.2.2.jar:/Users/rajusunagar/.m2/repository/org/assertj/assertj-core/3.22.0/assertj-core-3.22.0.jar:/Users/rajusunagar/.m2/repository/org/hamcrest/hamcrest/2.2/hamcrest-2.2.jar:/Users/rajusunagar/.m2/repository/org/junit/jupiter/junit-jupiter/5.8.2/junit-jupiter-5.8.2.jar:/Users/rajusunagar/.m2/repository/org/junit/jupiter/junit-jupiter-api/5.8.2/junit-jupiter-api-5.8.2.jar:/Users/rajusunagar/.m2/repository/org/opentest4j/opentest4j/1.2.0/opentest4j-1.2.0.jar:/Users/rajusunagar/.m2/repository/org/junit/platform/junit-platform-commons/1.8.2/junit-platform-commons-1.8.2.jar:/Users/rajusunagar/.m2/repository/org/apiguardian/apiguardian-api/1.1.2/apiguardian-api-1.1.2.jar:/Users/rajusunagar/.m2/repository/org/junit/jupiter/junit-jupiter-params/5.8.2/junit-jupiter-params-5.8.2.jar:/Users/rajusunagar/.m2/repository/org/junit/jupiter/junit-jupiter-engine/5.8.2/junit-jupiter-engine-5.8.2.jar:/Users/rajusunagar/.m2/repository/org/junit/platform/junit-platform-engine/1.8.2/junit-platform-engine-1.8.2.jar:/Users/rajusunagar/.m2/repository/org/mockito/mockito-core/4.5.1/mockito-core-4.5.1.jar:/Users/rajusunagar/.m2/repository/net/bytebuddy/byte-buddy/1.12.23/byte-buddy-1.12.23.jar:/Users/rajusunagar/.m2/repository/net/bytebuddy/byte-buddy-agent/1.12.23/byte-buddy-agent-1.12.23.jar:/Users/rajusunagar/.m2/repository/org/objenesis/objenesis/3.2/objenesis-3.2.jar:/Users/rajusunagar/.m2/repository/org/mockito/mockito-junit-jupiter/4.5.1/mockito-junit-jupiter-4.5.1.jar:/Users/rajusunagar/.m2/repository/org/skyscreamer/jsonassert/1.5.1/jsonassert-1.5.1.jar:/Users/rajusunagar/.m2/repository/com/vaadin/external/google/android-json/0.0.20131108.vaadin1/android-json-0.0.20131108.vaadin1.jar:/Users/rajusunagar/.m2/repository/org/springframework/spring-core/5.3.27/spring-core-5.3.27.jar:/Users/rajusunagar/.m2/repository/org/springframework/spring-jcl/5.3.27/spring-jcl-5.3.27.jar:/Users/rajusunagar/.m2/repository/org/springframework/spring-test/5.3.27/spring-test-5.3.27.jar:/Users/rajusunagar/.m2/repository/org/xmlunit/xmlunit-core/2.9.1/xmlunit-core-2.9.1.jar:/Users/rajusunagar/.m2/repository/org/apache/cxf/cxf-codegen-plugin/3.4.5/cxf-codegen-plugin-3.4.5.jar:/Users/rajusunagar/.m2/repository/org/codehaus/plexus/plexus-utils/3.2.0/plexus-utils-3.2.0.jar:/Users/rajusunagar/.m2/repository/org/codehaus/plexus/plexus-archiver/4.2.0/plexus-archiver-4.2.0.jar:/Users/rajusunagar/.m2/repository/org/codehaus/plexus/plexus-io/3.2.0/plexus-io-3.2.0.jar:/Users/rajusunagar/.m2/repository/commons-io/commons-io/2.6/commons-io-2.6.jar:/Users/rajusunagar/.m2/repository/org/apache/commons/commons-compress/1.19/commons-compress-1.19.jar:/Users/rajusunagar/.m2/repository/org/iq80/snappy/snappy/0.4/snappy-0.4.jar:/Users/rajusunagar/.m2/repository/org/tukaani/xz/1.8/xz-1.8.jar:/Users/rajusunagar/.m2/repository/org/apache/cxf/cxf-core/3.4.5/cxf-core-3.4.5.jar:/Users/rajusunagar/.m2/repository/org/glassfish/jaxb/jaxb-runtime/2.3.8/jaxb-runtime-2.3.8.jar:/Users/rajusunagar/.m2/repository/org/glassfish/jaxb/txw2/2.3.8/txw2-2.3.8.jar:/Users/rajusunagar/.m2/repository/com/sun/istack/istack-commons-runtime/3.0.12/istack-commons-runtime-3.0.12.jar:/Users/rajusunagar/.m2/repository/com/fasterxml/woodstox/woodstox-core/6.2.6/woodstox-core-6.2.6.jar:/Users/rajusunagar/.m2/repository/org/apache/ws/xmlschema/xmlschema-core/2.2.5/xmlschema-core-2.2.5.jar:/Users/rajusunagar/.m2/repository/org/apache/cxf/cxf-tools-common/3.4.5/cxf-tools-common-3.4.5.jar:/Users/rajusunagar/.m2/repository/org/apache/velocity/velocity-engine-core/2.3/velocity-engine-core-2.3.jar:/Users/rajusunagar/.m2/repository/org/apache/commons/commons-lang3/3.12.0/commons-lang3-3.12.0.jar:/Users/rajusunagar/.m2/repository/commons-collections/commons-collections/3.2.2/commons-collections-3.2.2.jar:/Users/rajusunagar/.m2/repository/org/glassfish/jaxb/jaxb-xjc/2.3.8/jaxb-xjc-2.3.8.jar:/Users/rajusunagar/.m2/repository/org/glassfish/jaxb/xsom/2.3.8/xsom-2.3.8.jar:/Users/rajusunagar/.m2/repository/com/sun/xml/bind/external/relaxng-datatype/2.3.8/relaxng-datatype-2.3.8.jar:/Users/rajusunagar/.m2/repository/org/glassfish/jaxb/codemodel/2.3.8/codemodel-2.3.8.jar:/Users/rajusunagar/.m2/repository/com/sun/xml/bind/external/rngom/2.3.8/rngom-2.3.8.jar:/Users/rajusunagar/.m2/repository/com/sun/xml/dtd-parser/dtd-parser/1.4.5/dtd-parser-1.4.5.jar:/Users/rajusunagar/.m2/repository/com/sun/istack/istack-commons-tools/3.0.12/istack-commons-tools-3.0.12.jar:/Users/rajusunagar/.m2/repository/org/apache/cxf/cxf-tools-wsdlto-core/3.4.5/cxf-tools-wsdlto-core-3.4.5.jar:/Users/rajusunagar/.m2/repository/org/apache/cxf/cxf-tools-validator/3.4.5/cxf-tools-validator-3.4.5.jar:/Users/rajusunagar/.m2/repository/org/apache/cxf/cxf-rt-bindings-soap/3.4.5/cxf-rt-bindings-soap-3.4.5.jar:/Users/rajusunagar/.m2/repository/org/apache/cxf/cxf-rt-databinding-jaxb/3.4.5/cxf-rt-databinding-jaxb-3.4.5.jar:/Users/rajusunagar/.m2/repository/org/apache/cxf/cxf-rt-wsdl/3.4.5/cxf-rt-wsdl-3.4.5.jar:/Users/rajusunagar/.m2/repository/org/ow2/asm/asm/9.2/asm-9.2.jar:/Users/rajusunagar/.m2/repository/org/apache/cxf/cxf-tools-wsdlto-databinding-jaxb/3.4.5/cxf-tools-wsdlto-databinding-jaxb-3.4.5.jar:/Users/rajusunagar/.m2/repository/org/apache/cxf/cxf-tools-wsdlto-frontend-jaxws/3.4.5/cxf-tools-wsdlto-frontend-jaxws-3.4.5.jar:/Users/rajusunagar/.m2/repository/xml-resolver/xml-resolver/1.2/xml-resolver-1.2.jar:/Users/rajusunagar/.m2/repository/org/apache/commons/commons-text/1.9/commons-text-1.9.jar:/Users/rajusunagar/.m2/repository/org/apache/cxf/cxf-tools-wsdlto-frontend-javascript/3.4.5/cxf-tools-wsdlto-frontend-javascript-3.4.5.jar:/Users/rajusunagar/.m2/repository/org/apache/cxf/cxf-rt-javascript/3.4.5/cxf-rt-javascript-3.4.5.jar:/Users/rajusunagar/.m2/repository/wsdl4j/wsdl4j/1.6.3/wsdl4j-1.6.3.jar:/Users/rajusunagar/.m2/repository/com/sun/xml/ws/jaxws-tools/2.3.4/jaxws-tools-2.3.4.jar:/Users/rajusunagar/.m2/repository/com/sun/xml/ws/jaxws-rt/2.3.4/jaxws-rt-2.3.4.jar:/Users/rajusunagar/.m2/repository/com/sun/xml/ws/policy/2.7.10/policy-2.7.10.jar:/Users/rajusunagar/.m2/repository/com/sun/xml/bind/jaxb-impl/2.3.4/jaxb-impl-2.3.4.jar:/Users/rajusunagar/.m2/repository/org/glassfish/ha/ha-api/3.1.13/ha-api-3.1.13.jar:/Users/rajusunagar/.m2/repository/org/glassfish/external/management-api/3.2.3/management-api-3.2.3.jar:/Users/rajusunagar/.m2/repository/org/glassfish/gmbal/gmbal-api-only/4.0.3/gmbal-api-only-4.0.3.jar:/Users/rajusunagar/.m2/repository/com/sun/xml/stream/buffer/streambuffer/1.5.10/streambuffer-1.5.10.jar:/Users/rajusunagar/.m2/repository/org/jvnet/mimepull/mimepull/1.9.14/mimepull-1.9.14.jar:/Users/rajusunagar/.m2/repository/com/sun/xml/fastinfoset/FastInfoset/1.2.18/FastInfoset-1.2.18.jar:/Users/rajusunagar/.m2/repository/com/sun/mail/jakarta.mail/1.6.7/jakarta.mail-1.6.7.jar:/Users/rajusunagar/.m2/repository/org/codehaus/woodstox/stax2-api/4.2.1/stax2-api-4.2.1.jar:/Users/rajusunagar/.m2/repository/com/sun/xml/bind/jaxb-xjc/2.3.4/jaxb-xjc-2.3.4.jar:/Users/rajusunagar/.m2/repository/com/sun/xml/bind/jaxb-jxc/2.3.4/jaxb-jxc-2.3.4.jar:/Users/rajusunagar/.m2/repository/jakarta/xml/soap/jakarta.xml.soap-api/1.4.2/jakarta.xml.soap-api-1.4.2.jar:/Users/rajusunagar/.m2/repository/jakarta/jws/jakarta.jws-api/2.1.0/jakarta.jws-api-2.1.0.jar:/Users/rajusunagar/.m2/repository/jakarta/annotation/jakarta.annotation-api/1.3.5/jakarta.annotation-api-1.3.5.jar:/Users/rajusunagar/.m2/repository/org/projectlombok/lombok/1.18.26/lombok-1.18.26.jar:"/>
    <property name="sun.cpu.endian" value="little"/>
    <property name="user.home" value="/Users/rajusunagar"/>
    <property name="user.language" value="en"/>
    <property name="java.specification.vendor" value="Oracle Corporation"/>
    <property name="java.home" value="/Users/rajusunagar/Library/Java/JavaVirtualMachines/corretto-1.8.0_452/Contents/Home/jre"/>
    <property name="basedir" value="/Users/rajusunagar/Documents/Projects/Soap-Consumer-Web-Services"/>
    <property name="file.separator" value="/"/>
    <property name="line.separator" value="&#10;"/>
    <property name="java.vm.specification.vendor" value="Oracle Corporation"/>
    <property name="java.specification.name" value="Java Platform API Specification"/>
    <property name="java.awt.graphicsenv" value="sun.awt.CGraphicsEnvironment"/>
    <property name="surefire.real.class.path" value="/Users/rajusunagar/Documents/Projects/Soap-Consumer-Web-Services/target/surefire/surefirebooter5422557608922772942.jar:/Users/rajusunagar/.m2/repository/org/jacoco/org.jacoco.agent/0.8.8/org.jacoco.agent-0.8.8-runtime.jar"/>
    <property name="sun.boot.class.path" value="/Users/rajusunagar/Library/Java/JavaVirtualMachines/corretto-1.8.0_452/Contents/Home/jre/lib/resources.jar:/Users/rajusunagar/Library/Java/JavaVirtualMachines/corretto-1.8.0_452/Contents/Home/jre/lib/rt.jar:/Users/rajusunagar/Library/Java/JavaVirtualMachines/corretto-1.8.0_452/Contents/Home/jre/lib/sunrsasign.jar:/Users/rajusunagar/Library/Java/JavaVirtualMachines/corretto-1.8.0_452/Contents/Home/jre/lib/jsse.jar:/Users/rajusunagar/Library/Java/JavaVirtualMachines/corretto-1.8.0_452/Contents/Home/jre/lib/jce.jar:/Users/rajusunagar/Library/Java/JavaVirtualMachines/corretto-1.8.0_452/Contents/Home/jre/lib/charsets.jar:/Users/rajusunagar/Library/Java/JavaVirtualMachines/corretto-1.8.0_452/Contents/Home/jre/lib/jfr.jar:/Users/rajusunagar/Library/Java/JavaVirtualMachines/corretto-1.8.0_452/Contents/Home/jre/classes"/>
    <property name="sun.management.compiler" value="HotSpot 64-Bit Tiered Compilers"/>
    <property name="ftp.nonProxyHosts" value="local|*.local|169.254/16|*.169.254/16"/>
    <property name="java.runtime.version" value="1.8.0_452-b09"/>
    <property name="user.name" value="rajusunagar"/>
    <property name="path.separator" value=":"/>
    <property name="os.version" value="15.4.1"/>
    <property name="java.endorsed.dirs" value="/Users/rajusunagar/Library/Java/JavaVirtualMachines/corretto-1.8.0_452/Contents/Home/jre/lib/endorsed"/>
    <property name="java.runtime.name" value="OpenJDK Runtime Environment"/>
    <property name="file.encoding" value="UTF-8"/>
    <property name="java.vm.name" value="OpenJDK 64-Bit Server VM"/>
    <property name="localRepository" value="/Users/rajusunagar/.m2/repository"/>
    <property name="java.vendor.url.bug" value="https://github.com/corretto/corretto-8/issues/"/>
    <property name="java.io.tmpdir" value="/var/folders/kv/82298yc179jb8w2dblvkdpn40000gn/T/"/>
    <property name="idea.version" value="2024.3.2.2"/>
    <property name="java.version" value="1.8.0_452"/>
    <property name="user.dir" value="/Users/rajusunagar/Documents/Projects/Soap-Consumer-Web-Services"/>
    <property name="os.arch" value="aarch64"/>
    <property name="java.vm.specification.name" value="Java Virtual Machine Specification"/>
    <property name="java.awt.printerjob" value="sun.lwawt.macosx.CPrinterJob"/>
    <property name="sun.os.patch.level" value="unknown"/>
    <property name="java.library.path" value="/Users/rajusunagar/Library/Java/Extensions:/Library/Java/Extensions:/Network/Library/Java/Extensions:/System/Library/Java/Extensions:/usr/lib/java:."/>
    <property name="java.vm.info" value="mixed mode"/>
    <property name="java.vendor" value="Amazon.com Inc."/>
    <property name="java.vm.version" value="25.452-b09"/>
    <property name="java.specification.maintenance.version" value="6"/>
    <property name="java.ext.dirs" value="/Users/rajusunagar/Library/Java/Extensions:/Users/rajusunagar/Library/Java/JavaVirtualMachines/corretto-1.8.0_452/Contents/Home/jre/lib/ext:/Library/Java/Extensions:/Network/Library/Java/Extensions:/System/Library/Java/Extensions:/usr/lib/java"/>
    <property name="sun.io.unicode.encoding" value="UnicodeBig"/>
    <property name="java.class.version" value="52.0"/>
    <property name="socksNonProxyHosts" value="local|*.local|169.254/16|*.169.254/16"/>
  </properties>
  <testcase name="celsiusToFahrenheit_ShouldReturnFormattedString" classname="com.example.tempwordsoap.controller.TemperatureConversionControllerTest" time="0.386"/>
</testsuite>